<?xml version="1.0" encoding="UTF-8"?>
<!-- Generated by org.testng.reporters.JUnitReportReporter -->
<testsuite skipped="0" hostname="DESKTOP-QBA990P" name="utils.ExcelDataProvider" tests="5" failures="0" timestamp="18 Jan 2021 22:13:22 GMT" time="114.176" errors="0">
  <testcase name="test1" time="25.682" classname="utils.ExcelDataProvider"/>
  <testcase name="test1" time="22.387" classname="utils.ExcelDataProvider"/>
  <testcase name="test1" time="20.455" classname="utils.ExcelDataProvider"/>
  <testcase name="test1" time="21.259" classname="utils.ExcelDataProvider"/>
  <testcase name="test1" time="24.393" classname="utils.ExcelDataProvider"/>
</testsuite> <!-- utils.ExcelDataProvider -->
