<?xml version="1.0" encoding="UTF-8"?>
<!-- Generated by org.testng.reporters.JUnitReportReporter -->
<testsuite skipped="0" hostname="DESKTOP-QBA990P" name="utils.Screenshots" tests="1" failures="0" timestamp="18 Jan 2021 22:13:22 GMT" time="30.761" errors="0">
  <testcase name="CaptureScreenshot" time="30.761" classname="utils.Screenshots"/>
</testsuite> <!-- utils.Screenshots -->
