<?xml version="1.0" encoding="UTF-8"?>
<!-- Generated by org.testng.reporters.JUnitReportReporter -->
<testsuite skipped="0" hostname="DESKTOP-QBA990P" name="utils.ExcelDataProvider" tests="5" failures="0" timestamp="13 Jan 2021 01:16:04 GMT" time="113.777" errors="0">
  <testcase name="test1" time="40.302" classname="utils.ExcelDataProvider"/>
  <testcase name="test1" time="20.917" classname="utils.ExcelDataProvider"/>
  <testcase name="test1" time="18.550" classname="utils.ExcelDataProvider"/>
  <testcase name="test1" time="16.686" classname="utils.ExcelDataProvider"/>
  <testcase name="test1" time="17.322" classname="utils.ExcelDataProvider"/>
</testsuite> <!-- utils.ExcelDataProvider -->
