<?xml version="1.0" encoding="UTF-8"?>
<!-- Generated by org.testng.reporters.JUnitReportReporter -->
<testsuite skipped="0" hostname="DESKTOP-QBA990P" name="utils.ExtentReportsTest" tests="1" failures="0" timestamp="18 Jan 2021 22:13:22 GMT" time="1.005" errors="0">
  <testcase name="LoginTest" time="1.005" classname="utils.ExtentReportsTest"/>
</testsuite> <!-- utils.ExtentReportsTest -->
